<?xml version="1.0" encoding="UTF-8"?>
<!-- Generated by org.testng.reporters.JUnitReportReporter -->
<testsuite hostname="DESKTOP-00L1TTR" failures="0" tests="1" name="coverFoxTest.TC1234_CoverFox_ValidateBannerCount" time="12.252" errors="0" timestamp="2024-10-21T19:40:15 IST" skipped="0">
  <testcase classname="coverFoxTest.TC1234_CoverFox_ValidateBannerCount" name="validatePolicyCount" time="12.252">
    <system-out>
      <![CDATA[gettig policy count from text displayed..
gettig policy count from banners displayed..
taken screenshot..
TCvalidatePolicyCountpassed]]>
    </system-out>
  </testcase> <!-- validatePolicyCount -->
  <system-out>
    <![CDATA[launching browser
waiting..
clicking on gender button
clicking on next button
handeling age dropdown..
clicking on next button..
entering pin code
entering mobile number
clicking on continue button
gettig policy count from text displayed..
gettig policy count from banners displayed..
taken screenshot..
TCvalidatePolicyCountpassed
closing browser]]>
  </system-out>
</testsuite> <!-- coverFoxTest.TC1234_CoverFox_ValidateBannerCount -->
